
ROM used:   286/1024 (28%)
            286/1024 (28%) including unused fragments

            0.5 Average locations per line
            8.7 Average locations per statement

RAM used:   27/224 (12%) at main() level
            35/224 (16%) worst case

Stack used: 1 worst case (0 in main + 1 for interrupts)
Stack size: 8

Lines Stmts  %   Files
----- ----- ---  -----
   79    33 100  main.c
  521     0   0  ..\..\..\..\..\Program Files (x86)\PICC\Devices\16F627A.h
----- -----
  600    33 Total

Page ROM  %  RAM    Vol Diff  Functions:
---- --- --- ---    --- ----  ----------
0     20   7    1             @delay_ms1
0      5   2    0     37  1.1  EXT_isr
0     81  28    7    140  2.6  RF_Send
 Inline         2             @PRINTF_X_1200_50_49
0    133  47    1    730  4.3  MAIN
 Inline         0             @cinit1

Program metrics:
    Functions               3
    Statements              33
    Comments                113
    Volume (V)              1085
    Difficulty (D)          8.1
    Effort to implement (E) 8747
    Time to implement (T)   8 minutes
    Est Delivered Bugs (B)  0
    Cyclomatic Complexity   1
    Maintainability (MI)    97

 Segment     Used  Free
-----------  ----  ----
00000-00003     4  0  
00004-0002E    43  0  
0002F-003FF   239  738  



